<?xml version="1.0" encoding="UTF-8"?>
<TestRun id="8e01d569-3fd5-42b7-aab2-40375e2c05ad" name="leo.lin@XUENN-PC 2013-09-17 18:46:12" runUser="XUENN\leo.lin" xmlns="http://microsoft.com/schemas/VisualStudio/TeamTest/2010">
  <TestSettings name="Local" id="6fbcc889-4571-438f-bda1-5a94990e998d">
    <Description>These are default test settings for a local test run.</Description>
    <Deployment enabled="false" runDeploymentRoot="leo.lin_XUENN-PC 2013-09-17 18_46_12">
      <DeploymentItem filename="D:\MyProject\Authentication\Authentication\bin\Debug\Authentication.dll" />
      <DeploymentItem filename="D:\MyProject\EzNet\EzNet.Library\EzNet.Library\bin\Debug\EzNet.Library.dll" />
    </Deployment>
    <Execution>
      <TestTypeSpecific />
      <AgentRule name="Execution Agents">
      </AgentRule>
    </Execution>
  </TestSettings>
  <Times creation="2013-09-17T18:46:12.3514993+08:00" queuing="2013-09-17T18:46:13.7214993+08:00" start="2013-09-17T18:46:13.9084993+08:00" finish="2013-09-17T18:46:30.7184993+08:00" />
  <ResultSummary outcome="Error">
    <Counters total="1" executed="1" error="0" failed="0" timeout="0" aborted="1" inconclusive="0" passedButRunAborted="0" notRunnable="0" notExecuted="0" disconnected="0" warning="0" passed="0" completed="0" inProgress="0" pending="0" />
    <RunInfos>
      <RunInfo computerName="XUENN-PC" outcome="Error" timestamp="2013-09-17T18:46:30.7174993+08:00">
        <Text>Test host process exited unexpectedly.</Text>
      </RunInfo>
    </RunInfos>
  </ResultSummary>
  <TestDefinitions>
    <UnitTest name="CreateRoleTest" storage="d:\myproject\mvctest\authenticationtest\bin\debug\authenticationtest.dll" id="ccb869f5-3234-882d-6f41-6fbf520ca8af">
      <Execution id="728b9bd8-2466-4f7a-93f1-8c094da0c288" />
      <TestMethod codeBase="D:/MyProject/MvcTest/AuthenticationTest/bin/Debug/AuthenticationTest.DLL" adapterTypeName="Microsoft.VisualStudio.TestTools.TestTypes.Unit.UnitTestAdapter, Microsoft.VisualStudio.QualityTools.Tips.UnitTest.Adapter, Version=10.0.0.0, Culture=neutral, PublicKeyToken=b03f5f7f11d50a3a" className="AuthenticationTest.RoleServiceTest, AuthenticationTest, Version=1.0.0.0, Culture=neutral, PublicKeyToken=null" name="CreateRoleTest" />
    </UnitTest>
  </TestDefinitions>
  <TestLists>
    <TestList name="Results Not in a List" id="8c84fa94-04c1-424b-9868-57a2d4851a1d" />
    <TestList name="All Loaded Results" id="19431567-8539-422a-85d7-44ee4e166bda" />
  </TestLists>
  <TestEntries>
    <TestEntry testId="ccb869f5-3234-882d-6f41-6fbf520ca8af" executionId="728b9bd8-2466-4f7a-93f1-8c094da0c288" testListId="8c84fa94-04c1-424b-9868-57a2d4851a1d" />
  </TestEntries>
  <Results>
    <UnitTestResult executionId="728b9bd8-2466-4f7a-93f1-8c094da0c288" testId="ccb869f5-3234-882d-6f41-6fbf520ca8af" testName="CreateRoleTest" computerName="XUENN-PC" duration="00:00:16.6630000" startTime="2013-09-17T18:46:14.0554993+08:00" endTime="2013-09-17T18:46:30.7184993+08:00" testType="13cdc9d9-ddb5-4fa4-a97d-d965ccfc6d4b" outcome="Aborted" testListId="8c84fa94-04c1-424b-9868-57a2d4851a1d" relativeResultsDirectory="728b9bd8-2466-4f7a-93f1-8c094da0c288">
    </UnitTestResult>
  </Results>
</TestRun>