<?xml version="1.0" encoding="UTF-8"?>
<TestRun id="0cd876a4-39cf-45d0-b89d-76c10af5c37a" name="leo.lin@XUENN-PC 2013-09-17 19:34:16" runUser="XUENN\leo.lin" xmlns="http://microsoft.com/schemas/VisualStudio/TeamTest/2010">
  <TestSettings name="Local" id="6fbcc889-4571-438f-bda1-5a94990e998d">
    <Description>These are default test settings for a local test run.</Description>
    <Deployment enabled="false" runDeploymentRoot="leo.lin_XUENN-PC 2013-09-17 19_34_16">
      <DeploymentItem filename="D:\MyProject\Authentication\Authentication\bin\Debug\Authentication.dll" />
      <DeploymentItem filename="D:\MyProject\EzNet\EzNet.Library\EzNet.Library\bin\Debug\EzNet.Library.dll" />
    </Deployment>
    <Execution>
      <TestTypeSpecific />
      <AgentRule name="Execution Agents">
      </AgentRule>
    </Execution>
  </TestSettings>
  <Times creation="2013-09-17T19:34:16.6634993+08:00" queuing="2013-09-17T19:34:17.8014993+08:00" start="2013-09-17T19:34:17.9814993+08:00" finish="2013-09-17T19:34:36.1784993+08:00" />
  <ResultSummary outcome="Failed">
    <Counters total="1" executed="1" error="0" failed="1" timeout="0" aborted="0" inconclusive="0" passedButRunAborted="0" notRunnable="0" notExecuted="0" disconnected="0" warning="0" passed="0" completed="0" inProgress="0" pending="0" />
  </ResultSummary>
  <TestDefinitions>
    <UnitTest name="UpdateRoleTest" storage="d:\myproject\mvctest\authenticationtest\bin\debug\authenticationtest.dll" id="a471bc8f-1863-026c-184c-c3ca1d342e22">
      <Execution id="2d6db862-f103-48e4-bd1e-bb784dc0339c" />
      <TestMethod codeBase="D:/MyProject/MvcTest/AuthenticationTest/bin/Debug/AuthenticationTest.DLL" adapterTypeName="Microsoft.VisualStudio.TestTools.TestTypes.Unit.UnitTestAdapter, Microsoft.VisualStudio.QualityTools.Tips.UnitTest.Adapter, Version=10.0.0.0, Culture=neutral, PublicKeyToken=b03f5f7f11d50a3a" className="AuthenticationTest.RoleServiceTest, AuthenticationTest, Version=1.0.0.0, Culture=neutral, PublicKeyToken=null" name="UpdateRoleTest" />
    </UnitTest>
  </TestDefinitions>
  <TestLists>
    <TestList name="Results Not in a List" id="8c84fa94-04c1-424b-9868-57a2d4851a1d" />
    <TestList name="All Loaded Results" id="19431567-8539-422a-85d7-44ee4e166bda" />
  </TestLists>
  <TestEntries>
    <TestEntry testId="a471bc8f-1863-026c-184c-c3ca1d342e22" executionId="2d6db862-f103-48e4-bd1e-bb784dc0339c" testListId="8c84fa94-04c1-424b-9868-57a2d4851a1d" />
  </TestEntries>
  <Results>
    <UnitTestResult executionId="2d6db862-f103-48e4-bd1e-bb784dc0339c" testId="a471bc8f-1863-026c-184c-c3ca1d342e22" testName="UpdateRoleTest" computerName="XUENN-PC" duration="00:00:17.4775791" startTime="2013-09-17T19:34:18.1134993+08:00" endTime="2013-09-17T19:34:36.1324993+08:00" testType="13cdc9d9-ddb5-4fa4-a97d-d965ccfc6d4b" outcome="Failed" testListId="8c84fa94-04c1-424b-9868-57a2d4851a1d" relativeResultsDirectory="2d6db862-f103-48e4-bd1e-bb784dc0339c">
      <Output>
        <ErrorInfo>
          <Message>Test method AuthenticationTest.RoleServiceTest.UpdateRoleTest threw exception: 
System.IO.DirectoryNotFoundException: Could not find a part of the path 'D:\MyProject\MvcTest\AuthenticationTest\bin\DebugConfiguration\db.config'.</Message>
          <StackTrace>   at Authentication.Role.Service.RoleService_Accessor.GetRoleByID(Int32 id)
   at AuthenticationTest.RoleServiceTest.UpdateRoleTest() in D:\MyProject\MvcTest\AuthenticationTest\RoleServiceTest.cs:line 119
</StackTrace>
        </ErrorInfo>
      </Output>
    </UnitTestResult>
  </Results>
</TestRun>