<?xml version="1.0" encoding="UTF-8"?>
<TestRun id="7f9bfd53-167f-4b4c-bf11-056daddaf3dc" name="leo.lin@XUENN-PC 2013-09-17 17:02:26" runUser="XUENN\leo.lin" xmlns="http://microsoft.com/schemas/VisualStudio/TeamTest/2010">
  <TestSettings name="Local" id="6fbcc889-4571-438f-bda1-5a94990e998d">
    <Description>These are default test settings for a local test run.</Description>
    <Deployment enabled="false" runDeploymentRoot="leo.lin_XUENN-PC 2013-09-17 17_02_26">
      <DeploymentItem filename="D:\MyProject\Authentication\Authentication\bin\Debug\Authentication.dll" />
      <DeploymentItem filename="D:\MyProject\EzNet\EzNet.Library\EzNet.Library\bin\Debug\EzNet.Library.dll" />
    </Deployment>
    <Execution>
      <TestTypeSpecific />
      <AgentRule name="Execution Agents">
      </AgentRule>
    </Execution>
  </TestSettings>
  <Times creation="2013-09-17T17:02:26.9925316+08:00" queuing="2013-09-17T17:02:27.9335316+08:00" start="2013-09-17T17:02:28.0655316+08:00" finish="2013-09-17T17:03:26.8175316+08:00" />
  <ResultSummary outcome="Completed">
    <Counters total="1" executed="1" passed="1" error="0" failed="0" timeout="0" aborted="0" inconclusive="0" passedButRunAborted="0" notRunnable="0" notExecuted="0" disconnected="0" warning="0" completed="0" inProgress="0" pending="0" />
  </ResultSummary>
  <TestDefinitions>
    <UnitTest name="GetRoleByIDTest" storage="d:\myproject\mvctest\authenticationtest\bin\debug\authenticationtest.dll" id="03e29e42-18c2-0e21-06c4-61f77c702fe0">
      <Execution id="87ded23b-0de1-4c60-8de0-bd545f39d21d" />
      <TestMethod codeBase="D:/MyProject/MvcTest/AuthenticationTest/bin/Debug/AuthenticationTest.DLL" adapterTypeName="Microsoft.VisualStudio.TestTools.TestTypes.Unit.UnitTestAdapter, Microsoft.VisualStudio.QualityTools.Tips.UnitTest.Adapter, Version=10.0.0.0, Culture=neutral, PublicKeyToken=b03f5f7f11d50a3a" className="AuthenticationTest.RoleServiceTest, AuthenticationTest, Version=1.0.0.0, Culture=neutral, PublicKeyToken=null" name="GetRoleByIDTest" />
    </UnitTest>
  </TestDefinitions>
  <TestLists>
    <TestList name="Results Not in a List" id="8c84fa94-04c1-424b-9868-57a2d4851a1d" />
    <TestList name="All Loaded Results" id="19431567-8539-422a-85d7-44ee4e166bda" />
  </TestLists>
  <TestEntries>
    <TestEntry testId="03e29e42-18c2-0e21-06c4-61f77c702fe0" executionId="87ded23b-0de1-4c60-8de0-bd545f39d21d" testListId="8c84fa94-04c1-424b-9868-57a2d4851a1d" />
  </TestEntries>
  <Results>
    <UnitTestResult executionId="87ded23b-0de1-4c60-8de0-bd545f39d21d" testId="03e29e42-18c2-0e21-06c4-61f77c702fe0" testName="GetRoleByIDTest" computerName="XUENN-PC" duration="00:00:56.3908013" startTime="2013-09-17T17:02:28.1935316+08:00" endTime="2013-09-17T17:03:25.2495316+08:00" testType="13cdc9d9-ddb5-4fa4-a97d-d965ccfc6d4b" outcome="Passed" testListId="8c84fa94-04c1-424b-9868-57a2d4851a1d" relativeResultsDirectory="87ded23b-0de1-4c60-8de0-bd545f39d21d">
    </UnitTestResult>
  </Results>
</TestRun>