<?xml version="1.0" encoding="UTF-8"?>
<TestRun id="a66e1870-3b99-40ce-b6ee-61f2d99eb585" name="leo.lin@XUENN-PC 2013-09-17 16:38:28" runUser="XUENN\leo.lin" xmlns="http://microsoft.com/schemas/VisualStudio/TeamTest/2010">
  <TestSettings name="Local" id="6fbcc889-4571-438f-bda1-5a94990e998d">
    <Description>These are default test settings for a local test run.</Description>
    <Deployment enabled="false" runDeploymentRoot="leo.lin_XUENN-PC 2013-09-17 16_38_28">
      <DeploymentItem filename="D:\MyProject\Authentication\Authentication\bin\Debug\Authentication.dll" />
      <DeploymentItem filename="D:\MyProject\EzNet\EzNet.Library\EzNet.Library\bin\Debug\EzNet.Library.dll" />
    </Deployment>
    <Execution>
      <TestTypeSpecific />
      <AgentRule name="Execution Agents">
      </AgentRule>
    </Execution>
  </TestSettings>
  <Times creation="2013-09-17T16:38:28.9255316+08:00" queuing="2013-09-17T16:38:29.8135316+08:00" start="2013-09-17T16:38:29.9405316+08:00" finish="2013-09-17T16:41:00.4385316+08:00" />
  <ResultSummary outcome="Failed">
    <Counters total="1" executed="1" error="0" failed="1" timeout="0" aborted="0" inconclusive="0" passedButRunAborted="0" notRunnable="0" notExecuted="0" disconnected="0" warning="0" passed="0" completed="0" inProgress="0" pending="0" />
  </ResultSummary>
  <TestDefinitions>
    <UnitTest name="GetRoleByIDTest" storage="d:\myproject\mvctest\authenticationtest\bin\debug\authenticationtest.dll" id="03e29e42-18c2-0e21-06c4-61f77c702fe0">
      <Execution id="55c40c74-2de0-48d7-9e4a-116a03f80789" />
      <TestMethod codeBase="D:/MyProject/MvcTest/AuthenticationTest/bin/Debug/AuthenticationTest.DLL" adapterTypeName="Microsoft.VisualStudio.TestTools.TestTypes.Unit.UnitTestAdapter, Microsoft.VisualStudio.QualityTools.Tips.UnitTest.Adapter, Version=10.0.0.0, Culture=neutral, PublicKeyToken=b03f5f7f11d50a3a" className="AuthenticationTest.RoleServiceTest, AuthenticationTest, Version=1.0.0.0, Culture=neutral, PublicKeyToken=null" name="GetRoleByIDTest" />
    </UnitTest>
  </TestDefinitions>
  <TestLists>
    <TestList name="Results Not in a List" id="8c84fa94-04c1-424b-9868-57a2d4851a1d" />
    <TestList name="All Loaded Results" id="19431567-8539-422a-85d7-44ee4e166bda" />
  </TestLists>
  <TestEntries>
    <TestEntry testId="03e29e42-18c2-0e21-06c4-61f77c702fe0" executionId="55c40c74-2de0-48d7-9e4a-116a03f80789" testListId="8c84fa94-04c1-424b-9868-57a2d4851a1d" />
  </TestEntries>
  <Results>
    <UnitTestResult executionId="55c40c74-2de0-48d7-9e4a-116a03f80789" testId="03e29e42-18c2-0e21-06c4-61f77c702fe0" testName="GetRoleByIDTest" computerName="XUENN-PC" duration="00:02:28.1546513" startTime="2013-09-17T16:38:30.0645316+08:00" endTime="2013-09-17T16:40:58.8825316+08:00" testType="13cdc9d9-ddb5-4fa4-a97d-d965ccfc6d4b" outcome="Failed" testListId="8c84fa94-04c1-424b-9868-57a2d4851a1d" relativeResultsDirectory="55c40c74-2de0-48d7-9e4a-116a03f80789">
      <Output>
        <ErrorInfo>
          <Message>Assert.AreEqual failed. Expected:&lt;(null)&gt;. Actual:&lt;Authentication.Role.Entity.RoleEntity&gt;. </Message>
          <StackTrace>   at AuthenticationTest.RoleServiceTest.GetRoleByIDTest() in D:\MyProject\MvcTest\AuthenticationTest\RoleServiceTest.cs:line 84
</StackTrace>
        </ErrorInfo>
      </Output>
    </UnitTestResult>
  </Results>
</TestRun>