<?xml version="1.0" encoding="UTF-8"?>
<TestRun id="bc674370-e370-4459-9b4c-855dc2551767" name="leo.lin@XUENN-PC 2013-09-17 19:34:38" runUser="XUENN\leo.lin" xmlns="http://microsoft.com/schemas/VisualStudio/TeamTest/2010">
  <TestSettings name="Local" id="6fbcc889-4571-438f-bda1-5a94990e998d">
    <Description>These are default test settings for a local test run.</Description>
    <Deployment enabled="false" runDeploymentRoot="leo.lin_XUENN-PC 2013-09-17 19_34_38">
      <DeploymentItem filename="D:\MyProject\Authentication\Authentication\bin\Debug\Authentication.dll" />
      <DeploymentItem filename="D:\MyProject\EzNet\EzNet.Library\EzNet.Library\bin\Debug\EzNet.Library.dll" />
    </Deployment>
    <Execution>
      <TestTypeSpecific />
      <AgentRule name="Execution Agents">
      </AgentRule>
    </Execution>
  </TestSettings>
  <Times creation="2013-09-17T19:34:38.8284993+08:00" queuing="2013-09-17T19:34:39.9214993+08:00" start="2013-09-17T19:34:40.1024993+08:00" finish="2013-09-17T19:35:31.5814993+08:00" />
  <ResultSummary outcome="Failed">
    <Counters total="1" executed="1" error="0" failed="1" timeout="0" aborted="0" inconclusive="0" passedButRunAborted="0" notRunnable="0" notExecuted="0" disconnected="0" warning="0" passed="0" completed="0" inProgress="0" pending="0" />
  </ResultSummary>
  <TestDefinitions>
    <UnitTest name="UpdateRoleTest" storage="d:\myproject\mvctest\authenticationtest\bin\debug\authenticationtest.dll" id="a471bc8f-1863-026c-184c-c3ca1d342e22">
      <Execution id="20bda669-1b5e-4362-bb36-1cbc2dd1d475" />
      <TestMethod codeBase="D:/MyProject/MvcTest/AuthenticationTest/bin/Debug/AuthenticationTest.DLL" adapterTypeName="Microsoft.VisualStudio.TestTools.TestTypes.Unit.UnitTestAdapter, Microsoft.VisualStudio.QualityTools.Tips.UnitTest.Adapter, Version=10.0.0.0, Culture=neutral, PublicKeyToken=b03f5f7f11d50a3a" className="AuthenticationTest.RoleServiceTest, AuthenticationTest, Version=1.0.0.0, Culture=neutral, PublicKeyToken=null" name="UpdateRoleTest" />
    </UnitTest>
  </TestDefinitions>
  <TestLists>
    <TestList name="Results Not in a List" id="8c84fa94-04c1-424b-9868-57a2d4851a1d" />
    <TestList name="All Loaded Results" id="19431567-8539-422a-85d7-44ee4e166bda" />
  </TestLists>
  <TestEntries>
    <TestEntry testId="a471bc8f-1863-026c-184c-c3ca1d342e22" executionId="20bda669-1b5e-4362-bb36-1cbc2dd1d475" testListId="8c84fa94-04c1-424b-9868-57a2d4851a1d" />
  </TestEntries>
  <Results>
    <UnitTestResult executionId="20bda669-1b5e-4362-bb36-1cbc2dd1d475" testId="a471bc8f-1863-026c-184c-c3ca1d342e22" testName="UpdateRoleTest" computerName="XUENN-PC" duration="00:00:49.1922932" startTime="2013-09-17T19:34:40.2344993+08:00" endTime="2013-09-17T19:35:30.0394993+08:00" testType="13cdc9d9-ddb5-4fa4-a97d-d965ccfc6d4b" outcome="Failed" testListId="8c84fa94-04c1-424b-9868-57a2d4851a1d" relativeResultsDirectory="20bda669-1b5e-4362-bb36-1cbc2dd1d475">
      <Output>
        <ErrorInfo>
          <Message>Assert.AreEqual failed. Expected:&lt;False&gt;. Actual:&lt;True&gt;. </Message>
          <StackTrace>   at AuthenticationTest.RoleServiceTest.UpdateRoleTest() in D:\MyProject\MvcTest\AuthenticationTest\RoleServiceTest.cs:line 124
</StackTrace>
        </ErrorInfo>
      </Output>
    </UnitTestResult>
  </Results>
</TestRun>